2022-07-18 15:00:21,802: Optimizer: Adam

2022-07-18 15:00:21,802: Training a new model
2022-07-18 15:00:21,802: Epoch 1/60:
2022-07-18 15:00:21,802: Learning rate: 0.001000, alpha: 0.001000
2022-07-18 17:27:44,819: Epoch 2/60:
2022-07-18 17:27:44,819: Learning rate: 0.001000, alpha: 0.001000
2022-07-18 19:54:56,167: Epoch 3/60:
2022-07-18 19:54:56,168: Learning rate: 0.001000, alpha: 0.001000
2022-07-18 22:22:59,343: Epoch 4/60:
2022-07-18 22:22:59,344: Learning rate: 0.001000, alpha: 0.001000
2022-07-19 00:51:29,824: Epoch 5/60:
2022-07-19 00:51:29,825: Learning rate: 0.001000, alpha: 0.001000
2022-07-19 03:18:37,920: Epoch 6/60:
2022-07-19 03:18:37,921: Learning rate: 0.001000, alpha: 0.010000
2022-07-19 05:45:42,047: Epoch 7/60:
2022-07-19 05:45:42,047: Learning rate: 0.001000, alpha: 0.010000
2022-07-19 08:12:55,257: Epoch 8/60:
2022-07-19 08:12:55,258: Learning rate: 0.001000, alpha: 0.010000
2022-07-19 10:40:09,849: Epoch 9/60:
2022-07-19 10:40:09,850: Learning rate: 0.001000, alpha: 0.010000
2022-07-19 13:07:18,612: Epoch 10/60:
2022-07-19 13:07:18,613: Learning rate: 0.001000, alpha: 0.010000
2022-07-19 15:34:44,177: Epoch 11/60:
2022-07-19 15:34:44,177: Learning rate: 0.000500, alpha: 0.100000
2022-07-19 18:02:02,593: Epoch 12/60:
2022-07-19 18:02:02,594: Learning rate: 0.000500, alpha: 0.100000
2022-07-19 20:29:08,577: Epoch 13/60:
2022-07-19 20:29:08,578: Learning rate: 0.000500, alpha: 0.100000
2022-07-19 22:56:27,085: Epoch 14/60:
2022-07-19 22:56:27,085: Learning rate: 0.000500, alpha: 0.100000
2022-07-20 01:23:32,832: Epoch 15/60:
2022-07-20 01:23:32,833: Learning rate: 0.000500, alpha: 0.100000
2022-07-20 03:50:48,745: Epoch 16/60:
2022-07-20 03:50:48,745: Learning rate: 0.000500, alpha: 0.100000
2022-07-20 06:17:55,003: Epoch 17/60:
2022-07-20 06:17:55,003: Learning rate: 0.000500, alpha: 0.100000
2022-07-20 08:45:16,373: Epoch 18/60:
2022-07-20 08:45:16,374: Learning rate: 0.000500, alpha: 0.100000
2022-07-20 11:12:28,445: Epoch 19/60:
2022-07-20 11:12:28,445: Learning rate: 0.000500, alpha: 0.100000
2022-07-20 13:39:39,798: Epoch 20/60:
2022-07-20 13:39:39,798: Learning rate: 0.000500, alpha: 0.100000
2022-07-20 16:06:40,521: Epoch 21/60:
2022-07-20 16:06:40,521: Learning rate: 0.000250, alpha: 0.200000
2022-07-20 18:33:44,556: Epoch 22/60:
2022-07-20 18:33:44,557: Learning rate: 0.000250, alpha: 0.200000
2022-07-20 21:01:03,454: Epoch 23/60:
2022-07-20 21:01:03,455: Learning rate: 0.000250, alpha: 0.200000
2022-07-20 23:29:34,686: Epoch 24/60:
2022-07-20 23:29:34,709: Learning rate: 0.000250, alpha: 0.200000
2022-07-21 01:57:14,357: Epoch 25/60:
2022-07-21 01:57:14,357: Learning rate: 0.000250, alpha: 0.200000
2022-07-21 04:24:56,791: Epoch 26/60:
2022-07-21 04:24:56,792: Learning rate: 0.000250, alpha: 0.200000
2022-07-21 06:52:34,764: Epoch 27/60:
2022-07-21 06:52:34,765: Learning rate: 0.000250, alpha: 0.200000
2022-07-21 09:20:04,474: Epoch 28/60:
2022-07-21 09:20:04,474: Learning rate: 0.000250, alpha: 0.200000
2022-07-21 11:47:34,738: Epoch 29/60:
2022-07-21 11:47:34,739: Learning rate: 0.000250, alpha: 0.200000
2022-07-21 14:14:58,881: Epoch 30/60:
2022-07-21 14:14:58,882: Learning rate: 0.000250, alpha: 0.200000
2022-07-21 16:42:30,194: Epoch 31/60:
2022-07-21 16:42:30,194: Learning rate: 0.000125, alpha: 0.500000
2022-07-21 19:09:59,710: Epoch 32/60:
2022-07-21 19:09:59,711: Learning rate: 0.000125, alpha: 0.500000
2022-07-21 21:37:06,043: Epoch 33/60:
2022-07-21 21:37:06,044: Learning rate: 0.000125, alpha: 0.500000
2022-07-22 00:04:13,626: Epoch 34/60:
2022-07-22 00:04:13,626: Learning rate: 0.000125, alpha: 0.500000
2022-07-22 02:31:19,056: Epoch 35/60:
2022-07-22 02:31:19,057: Learning rate: 0.000125, alpha: 0.500000
2022-07-22 04:58:29,708: Epoch 36/60:
2022-07-22 04:58:29,709: Learning rate: 0.000125, alpha: 0.500000
2022-07-22 07:25:40,436: Epoch 37/60:
2022-07-22 07:25:40,437: Learning rate: 0.000125, alpha: 0.500000
2022-07-22 09:52:49,716: Epoch 38/60:
2022-07-22 09:52:49,717: Learning rate: 0.000125, alpha: 0.500000
2022-07-22 12:19:53,212: Epoch 39/60:
2022-07-22 12:19:53,212: Learning rate: 0.000125, alpha: 0.500000
2022-07-22 14:46:59,438: Epoch 40/60:
2022-07-22 14:46:59,438: Learning rate: 0.000125, alpha: 0.500000
2022-07-22 17:14:27,719: Epoch 41/60:
2022-07-22 17:14:27,720: Learning rate: 0.000063, alpha: 1.000000
2022-07-22 19:41:37,539: Epoch 42/60:
2022-07-22 19:41:37,539: Learning rate: 0.000063, alpha: 1.000000
2022-07-22 22:08:47,636: Epoch 43/60:
2022-07-22 22:08:47,637: Learning rate: 0.000063, alpha: 1.000000
2022-07-23 00:36:01,468: Epoch 44/60:
2022-07-23 00:36:01,469: Learning rate: 0.000063, alpha: 1.000000
2022-07-23 03:03:15,510: Epoch 45/60:
2022-07-23 03:03:15,511: Learning rate: 0.000063, alpha: 1.000000
2022-07-23 05:30:30,850: Epoch 46/60:
2022-07-23 05:30:30,850: Learning rate: 0.000063, alpha: 1.000000
2022-07-23 07:57:46,010: Epoch 47/60:
2022-07-23 07:57:46,010: Learning rate: 0.000063, alpha: 1.000000
2022-07-23 10:25:03,966: Epoch 48/60:
2022-07-23 10:25:03,966: Learning rate: 0.000063, alpha: 1.000000
2022-07-23 12:52:23,932: Epoch 49/60:
2022-07-23 12:52:23,932: Learning rate: 0.000063, alpha: 1.000000
2022-07-23 15:19:40,160: Epoch 50/60:
2022-07-23 15:19:40,161: Learning rate: 0.000063, alpha: 1.000000
2022-07-23 17:46:57,395: Epoch 51/60:
2022-07-23 17:46:57,395: Learning rate: 0.000031, alpha: 1.000000
2022-07-23 20:14:21,008: Epoch 52/60:
2022-07-23 20:14:21,009: Learning rate: 0.000031, alpha: 1.000000
2022-07-23 20:30:39,933: Task was destroyed but it is pending!
task: <Task pending coro=<Kernel.poll_control_queue() running at /home/b238/anaconda3/envs/wh1/lib/python3.7/site-packages/ipykernel/kernelbase.py:227> wait_for=<Future finished result=<Future at 0x...state=pending>> cb=[_chain_future.<locals>._call_set_state() at /home/b238/anaconda3/envs/wh1/lib/python3.7/asyncio/futures.py:358]>
